# JRE version: OpenJDK Runtime Environment 18.9 (11.0.9.1+1) (build 11.0.9.1+1-LTS)
# Java VM: OpenJDK 64-Bit Server VM 18.9 (11.0.9.1+1-LTS, mixed mode, tiered, compressed oops, g1 gc, windows-amd64)
Heap:
 garbage-first heap   total 212992K, used 127333K [0x0000000089000000, 0x0000000100000000)
  region size 1024K, 87 young (89088K), 1 survivors (1024K)
 Metaspace       used 80895K, capacity 83083K, committed 83276K, reserved 1122304K
  class space    used 9662K, capacity 10495K, committed 10572K, reserved 1048576K
GC Heap History (20 events):
Event: 1235.390 GC heap before
{Heap before GC invocations=35 (full 0):
 garbage-first heap   total 212992K, used 165158K [0x0000000089000000, 0x0000000100000000)
  region size 1024K, 124 young (126976K), 1 survivors (1024K)
 Metaspace       used 80535K, capacity 82723K, committed 83020K, reserved 1122304K
  class space    used 9621K, capacity 10461K, committed 10572K, reserved 1048576K
}
Event: 1235.393 GC heap after
{Heap after GC invocations=36 (full 0):
 garbage-first heap   total 212992K, used 40249K [0x0000000089000000, 0x0000000100000000)
  region size 1024K, 1 young (1024K), 1 survivors (1024K)
 Metaspace       used 80535K, capacity 82723K, committed 83020K, reserved 1122304K
  class space    used 9621K, capacity 10461K, committed 10572K, reserved 1048576K
}
Event: 1243.424 GC heap before
{Heap before GC invocations=36 (full 0):
 garbage-first heap   total 212992K, used 165177K [0x0000000089000000, 0x0000000100000000)
  region size 1024K, 124 young (126976K), 1 survivors (1024K)
 Metaspace       used 80538K, capacity 82723K, committed 83020K, reserved 1122304K
  class space    used 9621K, capacity 10461K, committed 10572K, reserved 1048576K
}
Event: 1243.426 GC heap after
{Heap after GC invocations=37 (full 0):
 garbage-first heap   total 212992K, used 40278K [0x0000000089000000, 0x0000000100000000)
  region size 1024K, 1 young (1024K), 1 survivors (1024K)
 Metaspace       used 80538K, capacity 82723K, committed 83020K, reserved 1122304K
  class space    used 9621K, capacity 10461K, committed 10572K, reserved 1048576K
}
Event: 1251.687 GC heap before
{Heap before GC invocations=37 (full 0):
 garbage-first heap   total 212992K, used 166230K [0x0000000089000000, 0x0000000100000000)
  region size 1024K, 124 young (126976K), 1 survivors (1024K)
 Metaspace       used 80540K, capacity 82723K, committed 83020K, reserved 1122304K
  class space    used 9621K, capacity 10461K, committed 10572K, reserved 1048576K
}
Event: 1251.689 GC heap after
{Heap after GC invocations=38 (full 0):
 garbage-first heap   total 212992K, used 40306K [0x0000000089000000, 0x0000000100000000)
  region size 1024K, 1 young (1024K), 1 survivors (1024K)
 Metaspace       used 80540K, capacity 82723K, committed 83020K, reserved 1122304K
  class space    used 9621K, capacity 10461K, committed 10572K, reserved 1048576K
}
Event: 1259.476 GC heap before
{Heap before GC invocations=38 (full 0):
 garbage-first heap   total 212992K, used 165234K [0x0000000089000000, 0x0000000100000000)
  region size 1024K, 124 young (126976K), 1 survivors (1024K)
 Metaspace       used 80540K, capacity 82723K, committed 83020K, reserved 1122304K
  class space    used 9621K, capacity 10461K, committed 10572K, reserved 1048576K
}
Event: 1259.478 GC heap after
{Heap after GC invocations=39 (full 0):
 garbage-first heap   total 212992K, used 40250K [0x0000000089000000, 0x0000000100000000)
  region size 1024K, 1 young (1024K), 1 survivors (1024K)
 Metaspace       used 80540K, capacity 82723K, committed 83020K, reserved 1122304K
  class space    used 9621K, capacity 10461K, committed 10572K, reserved 1048576K
}
Event: 1267.295 GC heap before
{Heap before GC invocations=39 (full 0):
 garbage-first heap   total 212992K, used 165178K [0x0000000089000000, 0x0000000100000000)
  region size 1024K, 124 young (126976K), 1 survivors (1024K)
 Metaspace       used 80541K, capacity 82723K, committed 83020K, reserved 1122304K
  class space    used 9621K, capacity 10461K, committed 10572K, reserved 1048576K
}
Event: 1267.297 GC heap after
{Heap after GC invocations=40 (full 0):
 garbage-first heap   total 212992K, used 40287K [0x0000000089000000, 0x0000000100000000)
  region size 1024K, 1 young (1024K), 1 survivors (1024K)
 Metaspace       used 80541K, capacity 82723K, committed 83020K, reserved 1122304K
  class space    used 9621K, capacity 10461K, committed 10572K, reserved 1048576K
}
Event: 1275.738 GC heap before
{Heap before GC invocations=40 (full 0):
 garbage-first heap   total 212992K, used 166239K [0x0000000089000000, 0x0000000100000000)
  region size 1024K, 124 young (126976K), 1 survivors (1024K)
 Metaspace       used 80542K, capacity 82723K, committed 83020K, reserved 1122304K
  class space    used 9621K, capacity 10461K, committed 10572K, reserved 1048576K
}
Event: 1275.739 GC heap after
{Heap after GC invocations=41 (full 0):
 garbage-first heap   total 212992K, used 40284K [0x0000000089000000, 0x0000000100000000)
  region size 1024K, 1 young (1024K), 1 survivors (1024K)
 Metaspace       used 80542K, capacity 82723K, committed 83020K, reserved 1122304K
  class space    used 9621K, capacity 10461K, committed 10572K, reserved 1048576K
}
Event: 1283.558 GC heap before
{Heap before GC invocations=41 (full 0):
 garbage-first heap   total 212992K, used 166236K [0x0000000089000000, 0x0000000100000000)
  region size 1024K, 124 young (126976K), 1 survivors (1024K)
 Metaspace       used 80559K, capacity 82723K, committed 83020K, reserved 1122304K
  class space    used 9621K, capacity 10461K, committed 10572K, reserved 1048576K
}
Event: 1283.559 GC heap after
{Heap after GC invocations=42 (full 0):
 garbage-first heap   total 212992K, used 40265K [0x0000000089000000, 0x0000000100000000)
  region size 1024K, 1 young (1024K), 1 survivors (1024K)
 Metaspace       used 80559K, capacity 82723K, committed 83020K, reserved 1122304K
  class space    used 9621K, capacity 10461K, committed 10572K, reserved 1048576K
}
Event: 1292.023 GC heap before
{Heap before GC invocations=42 (full 0):
 garbage-first heap   total 212992K, used 165193K [0x0000000089000000, 0x0000000100000000)
  region size 1024K, 124 young (126976K), 1 survivors (1024K)
 Metaspace       used 80596K, capacity 82723K, committed 83020K, reserved 1122304K
  class space    used 9621K, capacity 10461K, committed 10572K, reserved 1048576K
}
Event: 1292.025 GC heap after
{Heap after GC invocations=43 (full 0):
 garbage-first heap   total 212992K, used 40294K [0x0000000089000000, 0x0000000100000000)
  region size 1024K, 1 young (1024K), 1 survivors (1024K)
 Metaspace       used 80596K, capacity 82723K, committed 83020K, reserved 1122304K
  class space    used 9621K, capacity 10461K, committed 10572K, reserved 1048576K
}
Event: 1300.251 GC heap before
{Heap before GC invocations=43 (full 0):
 garbage-first heap   total 212992K, used 165222K [0x0000000089000000, 0x0000000100000000)
  region size 1024K, 124 young (126976K), 1 survivors (1024K)
 Metaspace       used 80602K, capacity 82723K, committed 83020K, reserved 1122304K
  class space    used 9621K, capacity 10461K, committed 10572K, reserved 1048576K
}
Event: 1300.253 GC heap after
{Heap after GC invocations=44 (full 0):
 garbage-first heap   total 212992K, used 40273K [0x0000000089000000, 0x0000000100000000)
  region size 1024K, 1 young (1024K), 1 survivors (1024K)
 Metaspace       used 80602K, capacity 82723K, committed 83020K, reserved 1122304K
  class space    used 9621K, capacity 10461K, committed 10572K, reserved 1048576K
}
Event: 1308.823 GC heap before
{Heap before GC invocations=44 (full 0):
 garbage-first heap   total 212992K, used 166225K [0x0000000089000000, 0x0000000100000000)
  region size 1024K, 124 young (126976K), 1 survivors (1024K)
 Metaspace       used 80608K, capacity 82724K, committed 83020K, reserved 1122304K
  class space    used 9621K, capacity 10461K, committed 10572K, reserved 1048576K
}
Event: 1308.825 GC heap after
{Heap after GC invocations=45 (full 0):
 garbage-first heap   total 212992K, used 40293K [0x0000000089000000, 0x0000000100000000)
  region size 1024K, 1 young (1024K), 1 survivors (1024K)
 Metaspace       used 80608K, capacity 82724K, committed 83020K, reserved 1122304K
  class space    used 9621K, capacity 10461K, committed 10572K, reserved 1048576K
}

